#
# A fatal error has been detected by the Java Runtime Environment:
#
#  EXCEPTION_ACCESS_VIOLATION (0xc0000005) at pc=0x00007ff8d61d1bc5, pid=4168, tid=352
#
# JRE version:  (21.0.2+13) (build )
# Java VM: OpenJDK 64-Bit Server VM (21.0.2+13-58, mixed mode, sharing, tiered, compressed class ptrs, unknown gc, windows-amd64)
# Problematic frame:
# C  [jimage.dll+0x1bc5]
#
# No core dump will be written. Minidumps are not enabled by default on client versions of Windows
#
#

---------------  S U M M A R Y ------------

Command Line: 

Host: 13th Gen Intel(R) Core(TM) i7-13620H, 16 cores, 31G,  Windows 11 , 64 bit Build 22621 (10.0.22621.2506)
Time: Fri Feb 23 18:20:43 2024 W. Europe Standard Time elapsed time: 0.035981 seconds (0d 0h 0m 0s)

---------------  T H R E A D  ---------------

Current thread is native thread

Stack: [0x0000008c1df00000,0x0000008c1e000000],  sp=0x0000008c1dffd1a0,  free space=1012k
Native frames: (J=compiled Java code, j=interpreted, Vv=VM code, C=native code)
C  [jimage.dll+0x1bc5]
C  [jimage.dll+0x1d53]
C  [jimage.dll+0x261d]
V  [jvm.dll+0x21fdd0]
V  [jvm.dll+0xc8517]
V  [jvm.dll+0x80775c]
V  [jvm.dll+0x44f50e]
V  [jvm.dll+0x450e11]
C  [jli.dll+0x52a3]
C  [ucrtbase.dll+0x29363]
C  [KERNEL32.DLL+0x1257d]
C  [ntdll.dll+0x5aa58]


siginfo: EXCEPTION_ACCESS_VIOLATION (0xc0000005), reading address 0x0000000000010adc


Registers:
RAX=0x00000000000042b0, RBX=0x0000008c1dffd291, RCX=0x00007ff8d61d6000, RDX=0x00000000000042b0
RSP=0x0000008c1dffd1a0, RBP=0x0000008c1dffd290, RSI=0x0000000000007702, RDI=0x0000008c1dffd290
R8 =0x00007ff8d61d4298, R9 =0x000000000000001c, R10=0x00007ff8fc2c0000, R11=0x00007ff8d61d6000
R12=0x0000000000000000, R13=0x0000008c1dfff710, R14=0x0000008c1dffe300, R15=0x00007ff86a0539c0
RIP=0x00007ff8d61d1bc5, EFLAGS=0x0000000000010246


Top of Stack: (sp=0x0000008c1dffd1a0)
0x0000008c1dffd1a0:   0000026b73c90b48 00000000dd0001dc
0x0000008c1dffd1b0:   0000026b73c90b60 0000026b73c90b1c
0x0000008c1dffd1c0:   0000026b73d44960 00007ff8d61d1d53
0x0000008c1dffd1d0:   000000000000000b 0000026b73d44960
0x0000008c1dffd1e0:   00000000000006f5 00000000000006f5
0x0000008c1dffd1f0:   00000000000006f5 00007ff90b19423a
0x0000008c1dffd200:   0000026b73d03190 0000026bdd0001dc
0x0000008c1dffd210:   0000026b73d00000 00007ff9000003ff
0x0000008c1dffd220:   00000000000006f5 0000026b76020080
0x0000008c1dffd230:   0000e7c4ee5beeb2 0000026b73d00150
0x0000008c1dffd240:   00007ff86a031440 0000000000000017
0x0000008c1dffd250:   0000026b73d44960 0000008c1dffe300
0x0000008c1dffd260:   000000000000000b 00007ff8d61d261d
0x0000008c1dffd270:   0000026b73d00000 00007ff9000003ff
0x0000008c1dffd280:   0000000000000773 0000026b760438a0
0x0000008c1dffd290:   61622e6176616a2f 692f6b646a2f6573
0x0000008c1dffd2a0:   2f6c616e7265746e 6f6974706f2f6d76
0x0000008c1dffd2b0:   0000026b7300736e 0000026b76044fc0
0x0000008c1dffd2c0:   0000026b000003ff 0000000000000773
0x0000008c1dffd2d0:   0000026b76020000 0000026b05010004
0x0000008c1dffd2e0:   00000000000005eb 0000000000005eb0
0x0000008c1dffd2f0:   0000026b73d0007c 0000026b73d00150
0x0000008c1dffd300:   0000026b76043890 00007ff9dd0001dc
0x0000008c1dffd310:   0000026b73d00000 0000008c02000002
0x0000008c1dffd320:   0000000000000000 0000000000000000
0x0000008c1dffd330:   0000026b73d00150 0000026b76049740
0x0000008c1dffd340:   0000000000000000 0000000000000000
0x0000008c1dffd350:   0000000000000188 00007ff90b19423a
0x0000008c1dffd360:   0000026b73d03190 0000008c1dffd699
0x0000008c1dffd370:   0000026b73d00000 0000000000000188
0x0000008c1dffd380:   0000026b76049750 0000026b76049740
0x0000008c1dffd390:   0000026b73d002c0 00007ff90b18f476 

Instructions: (pc=0x00007ff8d61d1bc5)
0x00007ff8d61d1ac5:   48 85 c9 74 1d 80 3d 3f 45 00 00 00 74 06 48 8b
0x00007ff8d61d1ad5:   53 18 eb 04 48 8b 53 40 e8 9a 0e 00 00 48 83 63
0x00007ff8d61d1ae5:   48 00 8b 4b 0c 83 f9 ff 74 09 e8 d0 0c 00 00 83
0x00007ff8d61d1af5:   4b 0c ff 48 8b 4b 70 48 85 c9 74 0f ba 10 00 00
0x00007ff8d61d1b05:   00 e8 f1 0e 00 00 48 83 63 70 00 48 83 c4 20 5b
0x00007ff8d61d1b15:   c3 cc cc 40 53 48 83 ec 20 48 8b d9 48 8d 0d f8
0x00007ff8d61d1b25:   46 00 00 e8 9f 0c 00 00 83 6b 08 01 75 24 48 8b
0x00007ff8d61d1b35:   d3 48 8d 0d db 44 00 00 e8 22 08 00 00 48 8b cb
0x00007ff8d61d1b45:   e8 d6 fe ff ff ba 78 00 00 00 48 8b cb e8 a5 0e
0x00007ff8d61d1b55:   00 00 48 8d 0d c2 46 00 00 48 83 c4 20 5b e9 6c
0x00007ff8d61d1b65:   0c 00 00 48 89 5c 24 08 48 89 74 24 10 57 48 83
0x00007ff8d61d1b75:   ec 20 41 8b f1 4d 8b c8 48 8b fa 4c 8b d9 4d 85
0x00007ff8d61d1b85:   c0 74 78 85 f6 74 74 44 8a 12 48 8d 5a 01 48 8b
0x00007ff8d61d1b95:   d3 b8 93 01 00 01 eb 12 69 c0 93 01 00 01 41 0f
0x00007ff8d61d1ba5:   b6 ca 44 8a 12 33 c1 48 ff c2 45 84 d2 75 e9 4d
0x00007ff8d61d1bb5:   8b 03 0f ba f0 1f 33 d2 49 8b cb f7 f6 48 63 c2
0x00007ff8d61d1bc5:   41 8b 14 81 41 ff 50 08 85 c0 7e 24 8a 0f eb 10
0x00007ff8d61d1bd5:   69 c0 93 01 00 01 0f b6 c9 33 c1 8a 0b 48 ff c3
0x00007ff8d61d1be5:   84 c9 75 ec 0f ba f0 1f 33 d2 f7 f6 8b c2 eb 0e
0x00007ff8d61d1bf5:   79 09 83 c9 ff 2b c8 8b c1 eb 03 83 c8 ff 48 8b
0x00007ff8d61d1c05:   5c 24 30 48 8b 74 24 38 48 83 c4 20 5f c3 cc 48
0x00007ff8d61d1c15:   89 5c 24 08 48 89 74 24 10 57 48 83 ec 20 48 8b
0x00007ff8d61d1c25:   f1 48 8d 0d f3 45 00 00 e8 9a 0b 00 00 33 ff 39
0x00007ff8d61d1c35:   3d de 43 00 00 76 24 48 8b 05 dd 43 00 00 48 8b
0x00007ff8d61d1c45:   d6 48 8b 1c f8 48 8b 0b e8 68 1e 00 00 85 c0 74
0x00007ff8d61d1c55:   2b ff c7 3b 3d ba 43 00 00 72 dc 33 db 48 8d 0d
0x00007ff8d61d1c65:   b7 45 00 00 e8 66 0b 00 00 48 8b 74 24 38 48 8b
0x00007ff8d61d1c75:   c3 48 8b 5c 24 30 48 83 c4 20 5f c3 ff 43 08 eb
0x00007ff8d61d1c85:   dc cc cc 48 89 5c 24 08 48 89 74 24 10 57 48 83
0x00007ff8d61d1c95:   ec 20 48 8b d9 48 8b f2 48 8b 49 10 49 8b f8 8b
0x00007ff8d61d1ca5:   53 30 48 8b 01 ff 50 20 4c 8b 43 50 48 8b d6 48
0x00007ff8d61d1cb5:   8b 4b 10 44 8b c8 e8 a8 fe ff ff 83 f8 ff 74 38 



---------------  P R O C E S S  ---------------

VM state: not at safepoint (not fully initialized)

VM Mutex/Monitor currently owned by a thread: None

CDS archive(s) mapped at: [0x0000000000000000-0x0000000000000000-0x0000000000000000), size 0, SharedBaseAddress: 0x0000000800000000, ArchiveRelocationMode: 1.
Narrow klass base: 0x0000000000000000, Narrow klass shift: 0, Narrow klass range: 0x0

GC Precious Log:
<Not initialized>


Dynamic libraries:
0x00007ff695db0000 - 0x00007ff695dbe000 	C:\Users\visha\.jdks\openjdk-21.0.2\bin\java.exe
0x00007ff90b150000 - 0x00007ff90b367000 	C:\Windows\SYSTEM32\ntdll.dll
0x00007ff90a7b0000 - 0x00007ff90a874000 	C:\Windows\System32\KERNEL32.DLL
0x00007ff9084c0000 - 0x00007ff908866000 	C:\Windows\System32\KERNELBASE.dll
0x00007ff908a90000 - 0x00007ff908ba1000 	C:\Windows\System32\ucrtbase.dll
0x00007ff9004b0000 - 0x00007ff9004c8000 	C:\Users\visha\.jdks\openjdk-21.0.2\bin\jli.dll
0x00007ff90aa10000 - 0x00007ff90abbe000 	C:\Windows\System32\USER32.dll
0x00007ff9088f0000 - 0x00007ff908916000 	C:\Windows\System32\win32u.dll
0x00007ff90a9e0000 - 0x00007ff90aa09000 	C:\Windows\System32\GDI32.dll
0x00007ff908bb0000 - 0x00007ff908cc8000 	C:\Windows\System32\gdi32full.dll
0x00007ff908cd0000 - 0x00007ff908d6a000 	C:\Windows\System32\msvcp_win.dll
0x00007ff8e9b40000 - 0x00007ff8e9dd3000 	C:\Windows\WinSxS\amd64_microsoft.windows.common-controls_6595b64144ccf1df_6.0.22621.2506_none_270c5ae97388e100\COMCTL32.dll
0x00007ff90a5c0000 - 0x00007ff90a667000 	C:\Windows\System32\msvcrt.dll
0x00007ff8fc2c0000 - 0x00007ff8fc2db000 	C:\Users\visha\.jdks\openjdk-21.0.2\bin\VCRUNTIME140.dll
0x00007ff90a670000 - 0x00007ff90a6a1000 	C:\Windows\System32\IMM32.DLL
0x00007ff8fb7f0000 - 0x00007ff8fb7fc000 	C:\Users\visha\.jdks\openjdk-21.0.2\bin\vcruntime140_1.dll
0x00007ff8a6e30000 - 0x00007ff8a6ebe000 	C:\Users\visha\.jdks\openjdk-21.0.2\bin\msvcp140.dll
0x00007ff8696a0000 - 0x00007ff86a3b7000 	C:\Users\visha\.jdks\openjdk-21.0.2\bin\server\jvm.dll
0x00007ff908eb0000 - 0x00007ff908f61000 	C:\Windows\System32\ADVAPI32.dll
0x00007ff90b060000 - 0x00007ff90b105000 	C:\Windows\System32\sechost.dll
0x00007ff909040000 - 0x00007ff909157000 	C:\Windows\System32\RPCRT4.dll
0x00007ff909ab0000 - 0x00007ff909b21000 	C:\Windows\System32\WS2_32.dll
0x00007ff907310000 - 0x00007ff90735d000 	C:\Windows\SYSTEM32\POWRPROF.dll
0x00007ff902840000 - 0x00007ff902874000 	C:\Windows\SYSTEM32\WINMM.dll
0x00007ff8f91e0000 - 0x00007ff8f91ea000 	C:\Windows\SYSTEM32\VERSION.dll
0x00007ff9072f0000 - 0x00007ff907303000 	C:\Windows\SYSTEM32\UMPDC.dll
0x00007ff9075b0000 - 0x00007ff9075c8000 	C:\Windows\SYSTEM32\kernel.appcore.dll
0x00007ff8d61d0000 - 0x00007ff8d61da000 	C:\Users\visha\.jdks\openjdk-21.0.2\bin\jimage.dll
0x00007ff905ca0000 - 0x00007ff905ed3000 	C:\Windows\SYSTEM32\DBGHELP.DLL
0x00007ff90acd0000 - 0x00007ff90b059000 	C:\Windows\System32\combase.dll
0x00007ff909b30000 - 0x00007ff909c07000 	C:\Windows\System32\OLEAUT32.dll
0x00007ff902800000 - 0x00007ff902832000 	C:\Windows\SYSTEM32\dbgcore.DLL
0x00007ff908870000 - 0x00007ff9088ea000 	C:\Windows\System32\bcryptPrimitives.dll

dbghelp: loaded successfully - version: 4.0.5 - missing functions: none
symbol engine: initialized successfully - sym options: 0x614 - pdb path: .;C:\Users\visha\.jdks\openjdk-21.0.2\bin;C:\Windows\SYSTEM32;C:\Windows\WinSxS\amd64_microsoft.windows.common-controls_6595b64144ccf1df_6.0.22621.2506_none_270c5ae97388e100;C:\Users\visha\.jdks\openjdk-21.0.2\bin\server

VM Arguments:
java_command: <unknown>
java_class_path (initial): <not set>
Launcher Type: SUN_STANDARD

[Global flags]
     bool UseLargePagesIndividualAllocation        = false                                  {pd product} {ergonomic}

Logging:
Log output configuration:
 #0: stdout all=warning uptime,level,tags foldmultilines=false
 #1: stderr all=off uptime,level,tags foldmultilines=false

Environment Variables:
PATH=C:\Windows\system32;C:\Windows;C:\Windows\System32\Wbem;C:\Windows\System32\WindowsPowerShell\v1.0\;C:\Windows\System32\OpenSSH\;C:\Program Files\dotnet\;C:\Program Files (x86)\NVIDIA Corporation\PhysX\Common;C:\Program Files\NVIDIA Corporation\NVIDIA NvDLISR;C:\Program Files\Docker\Docker\resources\bin;C:\Users\visha\AppData\Local\Microsoft\WindowsApps;
USERNAME=visha
OS=Windows_NT
PROCESSOR_IDENTIFIER=Intel64 Family 6 Model 186 Stepping 2, GenuineIntel
TMP=C:\Users\visha\AppData\Local\Temp
TEMP=C:\Users\visha\AppData\Local\Temp




Periodic native trim disabled

---------------  S Y S T E M  ---------------

OS:
 Windows 11 , 64 bit Build 22621 (10.0.22621.2506)
OS uptime: 0 days 1:23 hours

CPU: total 16 (initial active 0) 
Processor Information for processor 0
  Max Mhz: 2400, Current Mhz: 2400, Mhz Limit: 2400
Processor Information for processor 1
  Max Mhz: 2400, Current Mhz: 1520, Mhz Limit: 2400
Processor Information for processor 2
  Max Mhz: 2400, Current Mhz: 1520, Mhz Limit: 2400
Processor Information for processor 3
  Max Mhz: 2400, Current Mhz: 2400, Mhz Limit: 2400
Processor Information for processor 4
  Max Mhz: 2400, Current Mhz: 2400, Mhz Limit: 2400
Processor Information for processor 5
  Max Mhz: 2400, Current Mhz: 2400, Mhz Limit: 2400
Processor Information for processor 6
  Max Mhz: 2400, Current Mhz: 2400, Mhz Limit: 2400
Processor Information for processor 7
  Max Mhz: 2400, Current Mhz: 2400, Mhz Limit: 2400
Processor Information for processor 8
  Max Mhz: 2400, Current Mhz: 2400, Mhz Limit: 2400
Processor Information for processor 9
  Max Mhz: 2400, Current Mhz: 2400, Mhz Limit: 2400
Processor Information for processor 10
  Max Mhz: 2400, Current Mhz: 1520, Mhz Limit: 2400
Processor Information for processor 11
  Max Mhz: 2400, Current Mhz: 2400, Mhz Limit: 2400
Processor Information for processor 12
  Max Mhz: 2400, Current Mhz: 1500, Mhz Limit: 1800
Processor Information for processor 13
  Max Mhz: 2400, Current Mhz: 1500, Mhz Limit: 1800
Processor Information for processor 14
  Max Mhz: 2400, Current Mhz: 1500, Mhz Limit: 1800
Processor Information for processor 15
  Max Mhz: 2400, Current Mhz: 1500, Mhz Limit: 1800

Memory: 4k page, system-wide physical 32452M (15943M free)
TotalPageFile size 37572M (AvailPageFile size 19236M)
current process WorkingSet (physical memory assigned to process): 8M, peak: 8M
current process commit charge ("private bytes"): 3M, peak: 3M

vm_info: OpenJDK 64-Bit Server VM (21.0.2+13-58) for windows-amd64 JRE (21.0.2+13-58), built on 2024-01-05T18:32:24Z by "mach5one" with MS VC++ 17.1 (VS2022)

END.
